Copyright 1986-2022 Xilinx, Inc. All Rights Reserved.
---------------------------------------------------------------------------------------------------
| Tool Version : Vivado v.2022.2 (win64) Build 3671981 Fri Oct 14 05:00:03 MDT 2022
| Date         : Fri Jun 16 18:04:48 2023
| Host         : LAPTOP-KB4NR7PR running 64-bit major release  (build 9200)
| Command      : report_utilization -file top_utilization_placed.rpt -pb top_utilization_placed.pb
| Design       : top
| Device       : xczu7ev-ffvc1156-2-e
| Speed File   : -2
| Design State : Fully Placed
---------------------------------------------------------------------------------------------------

Utilization Design Information

Table of Contents
-----------------
1. CLB Logic
1.1 Summary of Registers by Type
2. CLB Logic Distribution
3. BLOCKRAM
4. ARITHMETIC
5. I/O
6. CLOCK
7. ADVANCED
8. CONFIGURATION
9. Primitives
10. Black Boxes
11. Instantiated Netlists

1. CLB Logic
------------

+----------------------------+------+-------+------------+-----------+-------+
|          Site Type         | Used | Fixed | Prohibited | Available | Util% |
+----------------------------+------+-------+------------+-----------+-------+
| CLB LUTs                   |  857 |     0 |          0 |    230400 |  0.37 |
|   LUT as Logic             |  837 |     0 |          0 |    230400 |  0.36 |
|   LUT as Memory            |   20 |     0 |          0 |    101760 |  0.02 |
|     LUT as Distributed RAM |   20 |     0 |            |           |       |
|     LUT as Shift Register  |    0 |     0 |            |           |       |
| CLB Registers              | 1501 |     0 |          0 |    460800 |  0.33 |
|   Register as Flip Flop    | 1501 |     0 |          0 |    460800 |  0.33 |
|   Register as Latch        |    0 |     0 |          0 |    460800 |  0.00 |
| CARRY8                     |   27 |     0 |          0 |     28800 |  0.09 |
| F7 Muxes                   |    0 |     0 |          0 |    115200 |  0.00 |
| F8 Muxes                   |    0 |     0 |          0 |     57600 |  0.00 |
| F9 Muxes                   |    0 |     0 |          0 |     28800 |  0.00 |
+----------------------------+------+-------+------------+-----------+-------+
* Warning! LUT value is adjusted to account for LUT combining.


1.1 Summary of Registers by Type
--------------------------------

+-------+--------------+-------------+--------------+
| Total | Clock Enable | Synchronous | Asynchronous |
+-------+--------------+-------------+--------------+
| 0     |            _ |           - |            - |
| 0     |            _ |           - |          Set |
| 0     |            _ |           - |        Reset |
| 0     |            _ |         Set |            - |
| 0     |            _ |       Reset |            - |
| 0     |          Yes |           - |            - |
| 41    |          Yes |           - |          Set |
| 184   |          Yes |           - |        Reset |
| 11    |          Yes |         Set |            - |
| 1265  |          Yes |       Reset |            - |
+-------+--------------+-------------+--------------+


2. CLB Logic Distribution
-------------------------

+--------------------------------------------+------+-------+------------+-----------+-------+
|                  Site Type                 | Used | Fixed | Prohibited | Available | Util% |
+--------------------------------------------+------+-------+------------+-----------+-------+
| CLB                                        |  228 |     0 |          0 |     28800 |  0.79 |
|   CLBL                                     |  116 |     0 |            |           |       |
|   CLBM                                     |  112 |     0 |            |           |       |
| LUT as Logic                               |  837 |     0 |          0 |    230400 |  0.36 |
|   using O5 output only                     |   33 |       |            |           |       |
|   using O6 output only                     |  657 |       |            |           |       |
|   using O5 and O6                          |  147 |       |            |           |       |
| LUT as Memory                              |   20 |     0 |          0 |    101760 |  0.02 |
|   LUT as Distributed RAM                   |   20 |     0 |            |           |       |
|     using O5 output only                   |    0 |       |            |           |       |
|     using O6 output only                   |    0 |       |            |           |       |
|     using O5 and O6                        |   20 |       |            |           |       |
|   LUT as Shift Register                    |    0 |     0 |            |           |       |
| CLB Registers                              | 1501 |     0 |          0 |    460800 |  0.33 |
|   Register driven from within the CLB      |  719 |       |            |           |       |
|   Register driven from outside the CLB     |  782 |       |            |           |       |
|     LUT in front of the register is unused |  641 |       |            |           |       |
|     LUT in front of the register is used   |  141 |       |            |           |       |
| Unique Control Sets                        |   82 |       |          0 |     57600 |  0.14 |
+--------------------------------------------+------+-------+------------+-----------+-------+
* * Note: Available Control Sets calculated as Slices * 2, Review the Control Sets Report for more information regarding control sets.


3. BLOCKRAM
-----------

+----------------+------+-------+------------+-----------+-------+
|    Site Type   | Used | Fixed | Prohibited | Available | Util% |
+----------------+------+-------+------------+-----------+-------+
| Block RAM Tile |    0 |     0 |          0 |       312 |  0.00 |
|   RAMB36/FIFO* |    0 |     0 |          0 |       312 |  0.00 |
|   RAMB18       |    0 |     0 |          0 |       624 |  0.00 |
| URAM           |    0 |     0 |          0 |        96 |  0.00 |
+----------------+------+-------+------------+-----------+-------+
* Note: Each Block RAM Tile only has one FIFO logic available and therefore can accommodate only one FIFO36E2 or one FIFO18E2. However, if a FIFO18E2 occupies a Block RAM Tile, that tile can still accommodate a RAMB18E2


4. ARITHMETIC
-------------

+----------------+------+-------+------------+-----------+-------+
|    Site Type   | Used | Fixed | Prohibited | Available | Util% |
+----------------+------+-------+------------+-----------+-------+
| DSPs           |    4 |     0 |          0 |      1728 |  0.23 |
|   DSP48E2 only |    4 |       |            |           |       |
+----------------+------+-------+------------+-----------+-------+


5. I/O
------

+------------------+------+-------+------------+-----------+-------+
|     Site Type    | Used | Fixed | Prohibited | Available | Util% |
+------------------+------+-------+------------+-----------+-------+
| Bonded IOB       |    2 |     2 |          0 |       360 |  0.56 |
| HPIOB_M          |    1 |     1 |          0 |       144 |  0.69 |
|   INPUT          |    1 |       |            |           |       |
|   OUTPUT         |    0 |       |            |           |       |
|   BIDIR          |    0 |       |            |           |       |
| HPIOB_S          |    1 |     1 |          0 |       144 |  0.69 |
|   INPUT          |    1 |       |            |           |       |
|   OUTPUT         |    0 |       |            |           |       |
|   BIDIR          |    0 |       |            |           |       |
| HDIOB_M          |    0 |     0 |          0 |        24 |  0.00 |
| HDIOB_S          |    0 |     0 |          0 |        24 |  0.00 |
| HPIOB_SNGL       |    0 |     0 |          0 |        24 |  0.00 |
| HPIOBDIFFINBUF   |    1 |     1 |          0 |       192 |  0.52 |
|   DIFFINBUF      |    1 |     1 |            |           |       |
| HPIOBDIFFOUTBUF  |    0 |     0 |          0 |       192 |  0.00 |
| HDIOBDIFFINBUF   |    0 |     0 |          0 |        48 |  0.00 |
| BITSLICE_CONTROL |    0 |     0 |          0 |        64 |  0.00 |
| BITSLICE_RX_TX   |    0 |     0 |          0 |      2496 |  0.00 |
| BITSLICE_TX      |    0 |     0 |          0 |        64 |  0.00 |
| RIU_OR           |    0 |     0 |          0 |        32 |  0.00 |
+------------------+------+-------+------------+-----------+-------+


6. CLOCK
--------

+----------------------+------+-------+------------+-----------+-------+
|       Site Type      | Used | Fixed | Prohibited | Available | Util% |
+----------------------+------+-------+------------+-----------+-------+
| GLOBAL CLOCK BUFFERs |    2 |     0 |          0 |       544 |  0.37 |
|   BUFGCE             |    2 |     0 |          0 |       208 |  0.96 |
|   BUFGCE_DIV         |    0 |     0 |          0 |        32 |  0.00 |
|   BUFG_GT            |    0 |     0 |          0 |       144 |  0.00 |
|   BUFG_PS            |    0 |     0 |          0 |        96 |  0.00 |
|   BUFGCTRL*          |    0 |     0 |          0 |        64 |  0.00 |
| PLL                  |    0 |     0 |          0 |        16 |  0.00 |
| MMCM                 |    1 |     0 |          0 |         8 | 12.50 |
+----------------------+------+-------+------------+-----------+-------+
* Note: Each used BUFGCTRL counts as two GLOBAL CLOCK BUFFERs. This table does not include global clocking resources, only buffer cell usage. See the Clock Utilization Report (report_clock_utilization) for detailed accounting of global clocking resource availability.


7. ADVANCED
-----------

+-----------------+------+-------+------------+-----------+-------+
|    Site Type    | Used | Fixed | Prohibited | Available | Util% |
+-----------------+------+-------+------------+-----------+-------+
| GTHE4_CHANNEL   |    0 |     0 |          0 |        20 |  0.00 |
| GTHE4_COMMON    |    0 |     0 |          0 |         5 |  0.00 |
| OBUFDS_GTE4     |    0 |     0 |          0 |        10 |  0.00 |
| OBUFDS_GTE4_ADV |    0 |     0 |          0 |        10 |  0.00 |
| PCIE40E4        |    0 |     0 |          0 |         2 |  0.00 |
| PS8             |    0 |     0 |          0 |         1 |  0.00 |
| SYSMONE4        |    0 |     0 |          0 |         1 |  0.00 |
| VCU             |    0 |     0 |          0 |         1 |  0.00 |
+-----------------+------+-------+------------+-----------+-------+


8. CONFIGURATION
----------------

+-------------+------+-------+------------+-----------+-------+
|  Site Type  | Used | Fixed | Prohibited | Available | Util% |
+-------------+------+-------+------------+-----------+-------+
| BSCANE2     |    1 |     0 |          0 |         4 | 25.00 |
| DNA_PORTE2  |    0 |     0 |          0 |         1 |  0.00 |
| EFUSE_USR   |    0 |     0 |          0 |         1 |  0.00 |
| FRAME_ECCE4 |    0 |     0 |          0 |         1 |  0.00 |
| ICAPE3      |    0 |     0 |          0 |         2 |  0.00 |
| MASTER_JTAG |    0 |     0 |          0 |         1 |  0.00 |
| STARTUPE3   |    0 |     0 |          0 |         1 |  0.00 |
+-------------+------+-------+------------+-----------+-------+


9. Primitives
-------------

+------------+------+---------------------+
|  Ref Name  | Used | Functional Category |
+------------+------+---------------------+
| FDRE       | 1265 |            Register |
| LUT4       |  285 |                 CLB |
| LUT6       |  206 |                 CLB |
| FDCE       |  184 |            Register |
| LUT2       |  171 |                 CLB |
| LUT3       |  169 |                 CLB |
| LUT5       |  131 |                 CLB |
| FDPE       |   41 |            Register |
| RAMD32     |   36 |                 CLB |
| CARRY8     |   27 |                 CLB |
| LUT1       |   22 |                 CLB |
| FDSE       |   11 |            Register |
| RAMS32     |    4 |                 CLB |
| DSP48E2    |    4 |          Arithmetic |
| BUFGCE     |    2 |               Clock |
| MMCME4_ADV |    1 |               Clock |
| IBUFCTRL   |    1 |              Others |
| DIFFINBUF  |    1 |                 I/O |
| BSCANE2    |    1 |       Configuration |
+------------+------+---------------------+


10. Black Boxes
---------------

+----------+------+
| Ref Name | Used |
+----------+------+


11. Instantiated Netlists
-------------------------

+-----------+------+
|  Ref Name | Used |
+-----------+------+
| vio_0     |    1 |
| dbg_hub   |    1 |
| clk_wiz_0 |    1 |
+-----------+------+


