Time resolution is 1 ps
Result:                    x
Result:                    x
Result:                    x
Result:              1311218
Result:                 7081
Result:              3985362
Result:              7815975
Result:              3479020
Result:              7027464
Result:             19340487
Result:             25018630
Result:              9329464
Result:              3637872
Result:              1855848
Result:             15201965
Result:              3235120
Result:             24485248
Result:             11268398
Result:                94626
Result:              5702895
Result:              1110298
Result:               826176
Result:             10088064
Result:              5537135
Result:              2861040
Result:              1171383
Result:              4697724
Result:              1179292
Result:              3498353
Result:              8696615
Result:              1675344
Result:              2789758
Result:               819915
Result:              2998590
Result:              4861974
Result:             20650464
Result:              7921045
Result:              6272832
Result:              4363265
Result:              4663974
Result:              2149016
$finish called at time : 415 ns : File "C:/Users/abhis/divide_and_conquer_32x32/divide_and_conquer_32x32.srcs/sim_1/new/tb.v" Line 65
