
*** Running vivado
    with args -log top.vds -m64 -product Vivado -mode batch -messageDb vivado.pb -notrace -source top.tcl



****** Vivado v2022.2 (64-bit)
  **** SW Build 3671981 on Fri Oct 14 05:00:03 MDT 2022
  **** IP Build 3669848 on Fri Oct 14 08:30:02 MDT 2022
    ** Copyright 1986-2022 Xilinx, Inc. All Rights Reserved.

source top.tcl -notrace
create_project: Time (s): cpu = 00:00:06 ; elapsed = 00:00:08 . Memory (MB): peak = 394.402 ; gain = 57.531
Command: read_checkpoint -auto_incremental -incremental C:/Users/abhis/divide_and_conquer_32x32/divide_and_conquer_32x32.srcs/utils_1/imports/synth_3/top.dcp
INFO: [Vivado 12-5825] Read reference checkpoint from C:/Users/abhis/divide_and_conquer_32x32/divide_and_conquer_32x32.srcs/utils_1/imports/synth_3/top.dcp for incremental synthesis
INFO: [Vivado 12-7989] Please ensure there are no constraint changes
Command: synth_design -top top -part xczu7ev-ffvc1156-2-e
Starting synth_design
Attempting to get a license for feature 'Synthesis' and/or device 'xczu7ev'
INFO: [Common 17-349] Got license for feature 'Synthesis' and/or device 'xczu7ev'
INFO: [Device 21-403] Loading part xczu7ev-ffvc1156-2-e
INFO: [Designutils 20-5440] No compile time benefit to using incremental synthesis; A full resynthesis will be run
INFO: [Designutils 20-4379] Flow is switching to default flow due to incremental criteria not met. If you would like to alter this behaviour and have the flow terminate instead, please set the following parameter config_implementation {autoIncr.Synth.RejectBehavior Terminate}
INFO: [Synth 8-7079] Multithreading enabled for synth_design using a maximum of 2 processes.
INFO: [Synth 8-7078] Launching helper process for spawning children vivado processes
INFO: [Synth 8-7075] Helper process launched with PID 18328
INFO: [Synth 8-11241] undeclared symbol 'REGCCE', assumed default net type 'wire' [C:/Xilinx/Vivado/2022.2/data/verilog/src/unimacro/BRAM_SINGLE_MACRO.v:2170]
---------------------------------------------------------------------------------
Starting RTL Elaboration : Time (s): cpu = 00:00:06 ; elapsed = 00:00:08 . Memory (MB): peak = 1936.344 ; gain = 337.617
---------------------------------------------------------------------------------
INFO: [Synth 8-6157] synthesizing module 'top' [C:/Users/abhis/divide_and_conquer_32x32/divide_and_conquer_32x32.srcs/sources_1/new/top.v:23]
INFO: [Synth 8-6157] synthesizing module 'multiplier_16x16' [C:/Users/abhis/divide_and_conquer_32x32/divide_and_conquer_32x32.srcs/sources_1/new/multiplier_16x16.v:23]
INFO: [Synth 8-6155] done synthesizing module 'multiplier_16x16' (0#1) [C:/Users/abhis/divide_and_conquer_32x32/divide_and_conquer_32x32.srcs/sources_1/new/multiplier_16x16.v:23]
WARNING: [Synth 8-4446] all outputs are unconnected for this instance and logic may be removed [C:/Users/abhis/divide_and_conquer_32x32/divide_and_conquer_32x32.srcs/sources_1/new/top.v:111]
INFO: [Synth 8-6157] synthesizing module 'ila_0' [C:/Users/abhis/divide_and_conquer_32x32/divide_and_conquer_32x32.runs/synth_3/.Xil/Vivado-9148-LAPTOP-KB4NR7PR/realtime/ila_0_stub.v:5]
INFO: [Synth 8-6155] done synthesizing module 'ila_0' (0#1) [C:/Users/abhis/divide_and_conquer_32x32/divide_and_conquer_32x32.runs/synth_3/.Xil/Vivado-9148-LAPTOP-KB4NR7PR/realtime/ila_0_stub.v:5]
WARNING: [Synth 8-4446] all outputs are unconnected for this instance and logic may be removed [C:/Users/abhis/divide_and_conquer_32x32/divide_and_conquer_32x32.srcs/sources_1/new/top.v:129]
INFO: [Synth 8-6157] synthesizing module 'vio_0' [C:/Users/abhis/divide_and_conquer_32x32/divide_and_conquer_32x32.runs/synth_3/.Xil/Vivado-9148-LAPTOP-KB4NR7PR/realtime/vio_0_stub.v:5]
INFO: [Synth 8-6155] done synthesizing module 'vio_0' (0#1) [C:/Users/abhis/divide_and_conquer_32x32/divide_and_conquer_32x32.runs/synth_3/.Xil/Vivado-9148-LAPTOP-KB4NR7PR/realtime/vio_0_stub.v:5]
INFO: [Synth 8-6155] done synthesizing module 'top' (0#1) [C:/Users/abhis/divide_and_conquer_32x32/divide_and_conquer_32x32.srcs/sources_1/new/top.v:23]
INFO: [Synth 8-6071] Mark debug on the nets applies keep_hierarchy on instance 'vio_multiplier'. This will prevent further optimization [C:/Users/abhis/divide_and_conquer_32x32/divide_and_conquer_32x32.srcs/sources_1/new/top.v:129]
INFO: [Synth 8-6071] Mark debug on the nets applies keep_hierarchy on instance 'your_instance_name'. This will prevent further optimization [C:/Users/abhis/divide_and_conquer_32x32/divide_and_conquer_32x32.srcs/sources_1/new/top.v:111]
INFO: [Synth 8-6071] Mark debug on the nets applies keep_hierarchy on instance 'u3'. This will prevent further optimization [C:/Users/abhis/divide_and_conquer_32x32/divide_and_conquer_32x32.srcs/sources_1/new/top.v:74]
INFO: [Synth 8-6071] Mark debug on the nets applies keep_hierarchy on instance 'u2'. This will prevent further optimization [C:/Users/abhis/divide_and_conquer_32x32/divide_and_conquer_32x32.srcs/sources_1/new/top.v:67]
INFO: [Synth 8-6071] Mark debug on the nets applies keep_hierarchy on instance 'u1'. This will prevent further optimization [C:/Users/abhis/divide_and_conquer_32x32/divide_and_conquer_32x32.srcs/sources_1/new/top.v:60]
INFO: [Synth 8-6071] Mark debug on the nets applies keep_hierarchy on instance 'u0'. This will prevent further optimization [C:/Users/abhis/divide_and_conquer_32x32/divide_and_conquer_32x32.srcs/sources_1/new/top.v:51]
---------------------------------------------------------------------------------
Finished RTL Elaboration : Time (s): cpu = 00:00:08 ; elapsed = 00:00:11 . Memory (MB): peak = 2029.344 ; gain = 430.617
---------------------------------------------------------------------------------
---------------------------------------------------------------------------------
Start Handling Custom Attributes
---------------------------------------------------------------------------------
---------------------------------------------------------------------------------
Finished Handling Custom Attributes : Time (s): cpu = 00:00:08 ; elapsed = 00:00:11 . Memory (MB): peak = 2047.262 ; gain = 448.535
---------------------------------------------------------------------------------
---------------------------------------------------------------------------------
Finished RTL Optimization Phase 1 : Time (s): cpu = 00:00:08 ; elapsed = 00:00:11 . Memory (MB): peak = 2047.262 ; gain = 448.535
---------------------------------------------------------------------------------
Netlist sorting complete. Time (s): cpu = 00:00:00 ; elapsed = 00:00:00.014 . Memory (MB): peak = 2047.262 ; gain = 0.000
INFO: [Project 1-570] Preparing netlist for logic optimization

Processing XDC Constraints
Initializing timing engine
Parsing XDC File [c:/Users/abhis/divide_and_conquer_32x32/divide_and_conquer_32x32.gen/sources_1/ip/vio_0/vio_0/vio_0_in_context.xdc] for cell 'vio_multiplier'
Finished Parsing XDC File [c:/Users/abhis/divide_and_conquer_32x32/divide_and_conquer_32x32.gen/sources_1/ip/vio_0/vio_0/vio_0_in_context.xdc] for cell 'vio_multiplier'
Parsing XDC File [c:/Users/abhis/divide_and_conquer_32x32/divide_and_conquer_32x32.gen/sources_1/ip/ila_0/ila_0/ila_0_in_context.xdc] for cell 'your_instance_name'
Finished Parsing XDC File [c:/Users/abhis/divide_and_conquer_32x32/divide_and_conquer_32x32.gen/sources_1/ip/ila_0/ila_0/ila_0_in_context.xdc] for cell 'your_instance_name'
Parsing XDC File [C:/Users/abhis/divide_and_conquer_32x32/divide_and_conquer_32x32.srcs/constrs_1/new/multiplier.xdc]
create_clock: Time (s): cpu = 00:00:04 ; elapsed = 00:00:08 . Memory (MB): peak = 2158.680 ; gain = 17.902
Finished Parsing XDC File [C:/Users/abhis/divide_and_conquer_32x32/divide_and_conquer_32x32.srcs/constrs_1/new/multiplier.xdc]
Completed Processing XDC Constraints

Netlist sorting complete. Time (s): cpu = 00:00:00 ; elapsed = 00:00:00 . Memory (MB): peak = 2158.680 ; gain = 0.000
INFO: [Project 1-111] Unisim Transformation Summary:
No Unisim elements were transformed.

Constraint Validation Runtime : Time (s): cpu = 00:00:00 ; elapsed = 00:00:00.035 . Memory (MB): peak = 2158.680 ; gain = 0.000
WARNING: [Timing 38-316] Clock period '10.000' specified during out-of-context synthesis of instance 'vio_multiplier' at clock pin 'clk' is different from the actual clock period '1.000', this can lead to different synthesis results.
WARNING: [Timing 38-316] Clock period '10.000' specified during out-of-context synthesis of instance 'your_instance_name' at clock pin 'clk' is different from the actual clock period '1.000', this can lead to different synthesis results.
INFO: [Designutils 20-5440] No compile time benefit to using incremental synthesis; A full resynthesis will be run
INFO: [Designutils 20-4379] Flow is switching to default flow due to incremental criteria not met. If you would like to alter this behaviour and have the flow terminate instead, please set the following parameter config_implementation {autoIncr.Synth.RejectBehavior Terminate}
INFO: [Synth 8-11241] undeclared symbol 'REGCCE', assumed default net type 'wire' [C:/Xilinx/Vivado/2022.2/data/verilog/src/unimacro/BRAM_SINGLE_MACRO.v:2170]
---------------------------------------------------------------------------------
Finished Constraint Validation : Time (s): cpu = 00:00:21 ; elapsed = 00:00:34 . Memory (MB): peak = 2158.680 ; gain = 559.953
---------------------------------------------------------------------------------
---------------------------------------------------------------------------------
Start Loading Part and Timing Information
---------------------------------------------------------------------------------
Loading part: xczu7ev-ffvc1156-2-e
INFO: [Synth 8-6742] Reading net delay rules and data
---------------------------------------------------------------------------------
Finished Loading Part and Timing Information : Time (s): cpu = 00:00:21 ; elapsed = 00:00:34 . Memory (MB): peak = 2158.680 ; gain = 559.953
---------------------------------------------------------------------------------
---------------------------------------------------------------------------------
Start Applying 'set_property' XDC Constraints
---------------------------------------------------------------------------------
Applied set_property KEEP_HIERARCHY = SOFT for vio_multiplier. (constraint file  auto generated constraint).
Applied set_property KEEP_HIERARCHY = SOFT for your_instance_name. (constraint file  auto generated constraint).
---------------------------------------------------------------------------------
Finished applying 'set_property' XDC Constraints : Time (s): cpu = 00:00:21 ; elapsed = 00:00:34 . Memory (MB): peak = 2158.680 ; gain = 559.953
---------------------------------------------------------------------------------
---------------------------------------------------------------------------------
Finished RTL Optimization Phase 2 : Time (s): cpu = 00:00:22 ; elapsed = 00:00:35 . Memory (MB): peak = 2158.680 ; gain = 559.953
---------------------------------------------------------------------------------
---------------------------------------------------------------------------------
Start RTL Component Statistics 
---------------------------------------------------------------------------------
Detailed RTL Component Info : 
+---Adders : 
	   4 Input   64 Bit       Adders := 1     
---------------------------------------------------------------------------------
Finished RTL Component Statistics 
---------------------------------------------------------------------------------
---------------------------------------------------------------------------------
Start Part Resource Summary
---------------------------------------------------------------------------------
Part Resources:
DSPs: 1728 (col length:144)
BRAMs: 624 (col length: RAMB18 144 RAMB36 72)
---------------------------------------------------------------------------------
Finished Part Resource Summary
---------------------------------------------------------------------------------
---------------------------------------------------------------------------------
Start Cross Boundary and Area Optimization
---------------------------------------------------------------------------------
WARNING: [Synth 8-7080] Parallel synthesis criteria is not met
DSP Report: Generating DSP p_reg, operation Mode is: (A*B)'.
DSP Report: register p_reg is absorbed into DSP p_reg.
DSP Report: operator p0 is absorbed into DSP p_reg.
DSP Report: Generating DSP p_reg, operation Mode is: (A*B)'.
DSP Report: register p_reg is absorbed into DSP p_reg.
DSP Report: operator p0 is absorbed into DSP p_reg.
DSP Report: Generating DSP p_reg, operation Mode is: (A*B)'.
DSP Report: register p_reg is absorbed into DSP p_reg.
DSP Report: operator p0 is absorbed into DSP p_reg.
DSP Report: Generating DSP p_reg, operation Mode is: (A*B)'.
DSP Report: register p_reg is absorbed into DSP p_reg.
DSP Report: operator p0 is absorbed into DSP p_reg.
---------------------------------------------------------------------------------
Finished Cross Boundary and Area Optimization : Time (s): cpu = 00:00:23 ; elapsed = 00:00:38 . Memory (MB): peak = 2158.680 ; gain = 559.953
---------------------------------------------------------------------------------
---------------------------------------------------------------------------------
Start ROM, RAM, DSP, Shift Register and Retiming Reporting
---------------------------------------------------------------------------------

DSP: Preliminary Mapping Report (see note below. The ' indicates corresponding REG is set)
+-----------------+-------------+--------+--------+--------+--------+--------+------+------+------+------+-------+------+------+
|Module Name      | DSP Mapping | A Size | B Size | C Size | D Size | P Size | AREG | BREG | CREG | DREG | ADREG | MREG | PREG | 
+-----------------+-------------+--------+--------+--------+--------+--------+------+------+------+------+-------+------+------+
|multiplier_16x16 | (A*B)'      | 16     | 16     | -      | -      | 32     | 0    | 0    | -    | -    | -     | 1    | 0    | 
|multiplier_16x16 | (A*B)'      | 16     | 16     | -      | -      | 32     | 0    | 0    | -    | -    | -     | 1    | 0    | 
|multiplier_16x16 | (A*B)'      | 16     | 16     | -      | -      | 32     | 0    | 0    | -    | -    | -     | 1    | 0    | 
|multiplier_16x16 | (A*B)'      | 16     | 16     | -      | -      | 32     | 0    | 0    | -    | -    | -     | 1    | 0    | 
+-----------------+-------------+--------+--------+--------+--------+--------+------+------+------+------+-------+------+------+

Note: The table above is a preliminary report that shows the DSPs inferred at the current stage of the synthesis flow. Some DSP may be reimplemented as non DSP primitives later in the synthesis flow. Multiple instantiated DSPs are reported only once.
---------------------------------------------------------------------------------
Finished ROM, RAM, DSP, Shift Register and Retiming Reporting
---------------------------------------------------------------------------------
---------------------------------------------------------------------------------
Start Applying XDC Timing Constraints
---------------------------------------------------------------------------------
---------------------------------------------------------------------------------
Finished Applying XDC Timing Constraints : Time (s): cpu = 00:00:43 ; elapsed = 00:01:09 . Memory (MB): peak = 2630.445 ; gain = 1031.719
---------------------------------------------------------------------------------
---------------------------------------------------------------------------------
Start Timing Optimization
---------------------------------------------------------------------------------
---------------------------------------------------------------------------------
Finished Timing Optimization : Time (s): cpu = 00:00:43 ; elapsed = 00:01:09 . Memory (MB): peak = 2630.445 ; gain = 1031.719
---------------------------------------------------------------------------------
---------------------------------------------------------------------------------
Start Technology Mapping
---------------------------------------------------------------------------------
---------------------------------------------------------------------------------
Finished Technology Mapping : Time (s): cpu = 00:00:44 ; elapsed = 00:01:10 . Memory (MB): peak = 2637.805 ; gain = 1039.078
---------------------------------------------------------------------------------
---------------------------------------------------------------------------------
Start IO Insertion
---------------------------------------------------------------------------------
---------------------------------------------------------------------------------
Start Flattening Before IO Insertion
---------------------------------------------------------------------------------
---------------------------------------------------------------------------------
Finished Flattening Before IO Insertion
---------------------------------------------------------------------------------
---------------------------------------------------------------------------------
Start Final Netlist Cleanup
---------------------------------------------------------------------------------
---------------------------------------------------------------------------------
Finished Final Netlist Cleanup
---------------------------------------------------------------------------------
---------------------------------------------------------------------------------
Finished IO Insertion : Time (s): cpu = 00:00:50 ; elapsed = 00:01:18 . Memory (MB): peak = 2644.535 ; gain = 1045.809
---------------------------------------------------------------------------------
---------------------------------------------------------------------------------
Start Renaming Generated Instances
---------------------------------------------------------------------------------
---------------------------------------------------------------------------------
Finished Renaming Generated Instances : Time (s): cpu = 00:00:50 ; elapsed = 00:01:18 . Memory (MB): peak = 2644.535 ; gain = 1045.809
---------------------------------------------------------------------------------
---------------------------------------------------------------------------------
Start Rebuilding User Hierarchy
---------------------------------------------------------------------------------
---------------------------------------------------------------------------------
Finished Rebuilding User Hierarchy : Time (s): cpu = 00:00:50 ; elapsed = 00:01:18 . Memory (MB): peak = 2644.535 ; gain = 1045.809
---------------------------------------------------------------------------------
---------------------------------------------------------------------------------
Start Renaming Generated Ports
---------------------------------------------------------------------------------
---------------------------------------------------------------------------------
Finished Renaming Generated Ports : Time (s): cpu = 00:00:50 ; elapsed = 00:01:18 . Memory (MB): peak = 2644.535 ; gain = 1045.809
---------------------------------------------------------------------------------
---------------------------------------------------------------------------------
Start Handling Custom Attributes
---------------------------------------------------------------------------------
---------------------------------------------------------------------------------
Finished Handling Custom Attributes : Time (s): cpu = 00:00:50 ; elapsed = 00:01:18 . Memory (MB): peak = 2644.535 ; gain = 1045.809
---------------------------------------------------------------------------------
---------------------------------------------------------------------------------
Start Renaming Generated Nets
---------------------------------------------------------------------------------
---------------------------------------------------------------------------------
Finished Renaming Generated Nets : Time (s): cpu = 00:00:50 ; elapsed = 00:01:18 . Memory (MB): peak = 2644.535 ; gain = 1045.809
---------------------------------------------------------------------------------
---------------------------------------------------------------------------------
Start Writing Synthesis Report
---------------------------------------------------------------------------------

DSP Final Report (the ' indicates corresponding REG is set)
+-----------------+-------------+--------+--------+--------+--------+--------+------+------+------+------+-------+------+------+
|Module Name      | DSP Mapping | A Size | B Size | C Size | D Size | P Size | AREG | BREG | CREG | DREG | ADREG | MREG | PREG | 
+-----------------+-------------+--------+--------+--------+--------+--------+------+------+------+------+-------+------+------+
|multiplier_16x16 | (A*B)'      | 16     | 16     | -      | -      | 32     | 0    | 0    | -    | -    | -     | 1    | 0    | 
|multiplier_16x16 | (A*B)'      | 16     | 16     | -      | -      | 32     | 0    | 0    | -    | -    | -     | 1    | 0    | 
|multiplier_16x16 | (A*B)'      | 16     | 16     | -      | -      | 32     | 0    | 0    | -    | -    | -     | 1    | 0    | 
|multiplier_16x16 | (A*B)'      | 16     | 16     | -      | -      | 32     | 0    | 0    | -    | -    | -     | 1    | 0    | 
+-----------------+-------------+--------+--------+--------+--------+--------+------+------+------+------+-------+------+------+


Report BlackBoxes: 
+------+--------------+----------+
|      |BlackBox name |Instances |
+------+--------------+----------+
|1     |ila_0         |         1|
|2     |vio_0         |         1|
+------+--------------+----------+

Report Cell Usage: 
+------+----------------+------+
|      |Cell            |Count |
+------+----------------+------+
|1     |ila             |     1|
|2     |vio             |     1|
|3     |BUFG            |     1|
|4     |CARRY8          |     6|
|5     |DSP_ALU         |     4|
|6     |DSP_A_B_DATA    |     4|
|7     |DSP_C_DATA      |     4|
|8     |DSP_MULTIPLIER  |     4|
|9     |DSP_M_DATA      |     4|
|10    |DSP_OUTPUT      |     4|
|11    |DSP_PREADD      |     4|
|12    |DSP_PREADD_DATA |     4|
|13    |LUT1            |     4|
|14    |LUT3            |    32|
|15    |LUT4            |    32|
|16    |IBUF            |    66|
|17    |OBUF            |    64|
+------+----------------+------+
---------------------------------------------------------------------------------
Finished Writing Synthesis Report : Time (s): cpu = 00:00:50 ; elapsed = 00:01:18 . Memory (MB): peak = 2644.535 ; gain = 1045.809
---------------------------------------------------------------------------------
Synthesis finished with 0 errors, 0 critical warnings and 1 warnings.
Synthesis Optimization Runtime : Time (s): cpu = 00:00:35 ; elapsed = 00:01:06 . Memory (MB): peak = 2644.535 ; gain = 934.391
Synthesis Optimization Complete : Time (s): cpu = 00:00:50 ; elapsed = 00:01:18 . Memory (MB): peak = 2644.535 ; gain = 1045.809
INFO: [Project 1-571] Translating synthesized netlist
Netlist sorting complete. Time (s): cpu = 00:00:00 ; elapsed = 00:00:00.011 . Memory (MB): peak = 2656.625 ; gain = 0.000
INFO: [Netlist 29-17] Analyzing 77 Unisim elements for replacement
INFO: [Netlist 29-28] Unisim Transformation completed in 0 CPU seconds
INFO: [Project 1-570] Preparing netlist for logic optimization
INFO: [Opt 31-138] Pushed 0 inverter(s) to 0 load pin(s).
Netlist sorting complete. Time (s): cpu = 00:00:00 ; elapsed = 00:00:00.001 . Memory (MB): peak = 2686.820 ; gain = 0.000
INFO: [Project 1-111] Unisim Transformation Summary:
  A total of 71 instances were transformed.
  BUFG => BUFGCE: 1 instance 
  DSP48E2 => DSP48E2 (DSP_ALU, DSP_A_B_DATA, DSP_C_DATA, DSP_MULTIPLIER, DSP_M_DATA, DSP_OUTPUT, DSP_PREADD, DSP_PREADD_DATA): 4 instances
  IBUF => IBUF (IBUFCTRL, INBUF): 66 instances

Synth Design complete, checksum: bd399dc3
INFO: [Common 17-83] Releasing license: Synthesis
37 Infos, 5 Warnings, 0 Critical Warnings and 0 Errors encountered.
synth_design completed successfully
synth_design: Time (s): cpu = 00:01:01 ; elapsed = 00:01:37 . Memory (MB): peak = 2686.820 ; gain = 2217.250
INFO: [Common 17-1381] The checkpoint 'C:/Users/abhis/divide_and_conquer_32x32/divide_and_conquer_32x32.runs/synth_3/top.dcp' has been generated.
INFO: [runtcl-4] Executing : report_utilization -file top_utilization_synth.rpt -pb top_utilization_synth.pb
INFO: [Common 17-206] Exiting Vivado at Fri Jun 16 15:53:47 2023...
